C51 COMPILER V9.54   I2C                                                                   12/23/2021 20:29:28 PAGE 1   


C51 COMPILER V9.54, COMPILATION OF MODULE I2C
OBJECT MODULE PLACED IN .\Objects\I2C.obj
COMPILER INVOKED BY: C:\Keil_v5\C51\BIN\C51.EXE I2C.c OMF2 OPTIMIZE(8,SPEED) BROWSE DEBUG PRINT(.\Listings\I2C.lst) TABS
                    -(2) OBJECT(.\Objects\I2C.obj)

line level    source

   1          void Delay(unsigned char DelayCount);
   2          void Start(void);
   3          void Start(void);
   4          //*********************//
   5          //       Delay         //
   6          //*********************//
   7          void Delay(unsigned char DelayCount)
   8          {
   9   1        while(DelayCount--);
  10   1      }
  11          //*********************//
  12          //       Start         //
  13          //*********************//
  14          void Start(void)
  15          {
  16   1        SCL = 0;
*** ERROR C202 IN LINE 16 OF I2C.c: 'SCL': undefined identifier
  17   1        SDA = 1;
*** ERROR C202 IN LINE 17 OF I2C.c: 'SDA': undefined identifier
  18   1        Delay(1);
  19   1        SCL = 1;
*** ERROR C202 IN LINE 19 OF I2C.c: 'SCL': undefined identifier
  20   1        Delay(1);
  21   1        SDA = 0;
*** ERROR C202 IN LINE 21 OF I2C.c: 'SDA': undefined identifier
  22   1        Delay(1);
  23   1        SCL = 0;
*** ERROR C202 IN LINE 23 OF I2C.c: 'SCL': undefined identifier
  24   1        SDA = 1;
*** ERROR C202 IN LINE 24 OF I2C.c: 'SDA': undefined identifier
  25   1        Delay(1);
  26   1      }
  27          //*********************//
  28          //       Stop          //
  29          //*********************//
  30          void Start(void)
  31          {
  32   1        SCL = 0;
*** ERROR C202 IN LINE 32 OF I2C.c: 'SCL': undefined identifier
  33   1        SDA = 1;
*** ERROR C202 IN LINE 33 OF I2C.c: 'SDA': undefined identifier
  34   1        Delay(1);
  35   1        SCL = 1;
*** ERROR C202 IN LINE 35 OF I2C.c: 'SCL': undefined identifier
  36   1        Delay(1);
  37   1        SDA = 0;
*** ERROR C202 IN LINE 37 OF I2C.c: 'SDA': undefined identifier
  38   1        Delay(1);
  39   1        SCL = 0;
*** ERROR C202 IN LINE 39 OF I2C.c: 'SCL': undefined identifier
  40   1        SDA = 1;
*** ERROR C202 IN LINE 40 OF I2C.c: 'SDA': undefined identifier
  41   1        Delay(1);
  42   1      }
C51 COMPILER V9.54   I2C                                                                   12/23/2021 20:29:28 PAGE 2   

*** ERROR C237 IN LINE 42 OF I2C.c: 'Start': function already has a body

C51 COMPILATION COMPLETE.  0 WARNING(S),  13 ERROR(S)
