C51 COMPILER V9.54   8051_UARTEXAMPLE                                                      11/15/2021 15:17:56 PAGE 1   


C51 COMPILER V9.54, COMPILATION OF MODULE 8051_UARTEXAMPLE
OBJECT MODULE PLACED IN .\Objects\8051-UARTExample.obj
COMPILER INVOKED BY: C:\Keil_v5\C51\BIN\C51.EXE 8051-UARTExample.c OPTIMIZE(8,SPEED) BROWSE DEBUG OBJECTEXTEND PRINT(.\L
                    -istings\8051-UARTExample.lst) TABS(2) OBJECT(.\Objects\8051-UARTExample.obj)

line level    source

   1          #include <reg51.h>
   2          #define DataLength 8
   3          unsigned char TxData[]={0x48,0x65,0x6c,0x6c,0x6F,0x21,0x0D,0x0A}; //Hello
   4          unsigned char iTxCount = 1; //initialization since Hello[0] is sent before ISR
   5          //char c='Hello';
   6          main()
   7          {
   8   1        SCON=0x50; 
   9   1        PCON &= 0X7F; //SMOD=0
  10   1        TMOD |= 0X20; //Timer1模式2
  11   1        TH1=TL1=0XFD; //鮑率9600
  12   1        IE = 0X90;
  13   1        TR1 =1; 
  14   1        SBUF = TxData[0]; //產生Tx中斷，並進入UART之ISR
  15   1        while(1);
  16   1      }
  17          
  18          void UARTInt(void) interrupt 4
  19          {
  20   1        if(TI)
  21   1        {
  22   2          TI=0;//Reset T1
  23   2          iTxCount++;
  24   2          if(iTxCount == DataLength) //Repeat
  25   2          {
  26   3            iTxCount = 0; //Check and repeatly Tx
  27   3          }
  28   2          SBUF = TxData[iTxCount];
  29   2        }
  30   1      }


MODULE INFORMATION:   STATIC OVERLAYABLE
   CODE SIZE        =     64    ----
   CONSTANT SIZE    =   ----    ----
   XDATA SIZE       =   ----    ----
   PDATA SIZE       =   ----    ----
   DATA SIZE        =      9    ----
   IDATA SIZE       =   ----    ----
   BIT SIZE         =   ----    ----
END OF MODULE INFORMATION.


C51 COMPILATION COMPLETE.  0 WARNING(S),  0 ERROR(S)
