C51 COMPILER V9.54   LEDMARQUEE                                                            11/15/2021 15:04:52 PAGE 1   


C51 COMPILER V9.54, COMPILATION OF MODULE LEDMARQUEE
OBJECT MODULE PLACED IN .\Objects\LEDMarquee.obj
COMPILER INVOKED BY: C:\Keil_v5\C51\BIN\C51.EXE LEDMarquee.c OPTIMIZE(8,SPEED) BROWSE DEBUG OBJECTEXTEND PRINT(.\Listing
                    -s\LEDMarquee.lst) TABS(2) OBJECT(.\Objects\LEDMarquee.obj)

line level    source

   1          #include <reg51.h>
   2          main()
   3          {
   4   1        int i ;
   5   1        unsigned char j;
   6   1        P1=0xFE;
   7   1        while(1)
   8   1        {
   9   2          for(j=0;j<7;j++)
  10   2          {
  11   3            for(i=0;i<30000;i++);
  12   3            P1=(P1<<1)|0x01;
  13   3          }
  14   2          for(j=0;j<7;j++)
  15   2          {
  16   3            for(i=0;i<30000;i++);
  17   3            P1=(P1>>1)|0x80;
  18   3          }
  19   2        }
  20   1      }


MODULE INFORMATION:   STATIC OVERLAYABLE
   CODE SIZE        =     64    ----
   CONSTANT SIZE    =   ----    ----
   XDATA SIZE       =   ----    ----
   PDATA SIZE       =   ----    ----
   DATA SIZE        =   ----    ----
   IDATA SIZE       =   ----    ----
   BIT SIZE         =   ----    ----
END OF MODULE INFORMATION.


C51 COMPILATION COMPLETE.  0 WARNING(S),  0 ERROR(S)
