C51 COMPILER V9.54   INTLEDMARQUEE                                                         11/15/2021 15:06:10 PAGE 1   


C51 COMPILER V9.54, COMPILATION OF MODULE INTLEDMARQUEE
OBJECT MODULE PLACED IN .\Objects\IntLEDMarquee.obj
COMPILER INVOKED BY: C:\Keil_v5\C51\BIN\C51.EXE IntLEDMarquee.c OPTIMIZE(8,SPEED) BROWSE DEBUG OBJECTEXTEND PRINT(.\List
                    -ings\IntLEDMarquee.lst) TABS(2) OBJECT(.\Objects\IntLEDMarquee.obj)

line level    source

   1          #include <reg51.h>
   2          #define LED P1
   3          unsigned LED_1=0xFE;
   4          char a; 
   5          
   6          main()
   7          {
   8   1        IT1 = 1;
   9   1        IE = 0x84;
  10   1        {
  11   2          int i;
  12   2          unsigned j;
  13   2          a=1;
  14   2        while(1)
  15   2          {
  16   3              if(a%2==0) //初始為1，雙數
  17   3              {
  18   4                for(j=0;j<5;j++)
  19   4                  {
  20   5                    for(i=0;i<15000;i++);
  21   5                    P1=(P1<<1)|0x01;
  22   5                  }
  23   4                for(j=0;j<5;j++)
  24   4                  {
  25   5                    for(i=0;i<30000;i++);
  26   5                    P1=(P1>>1)|0x80;
  27   5                  }
  28   4                {
  29   5                  if(a%2!=0) //初始為1，單數
  30   5                    {
  31   6                      P1=0XFE;
  32   6                    }
  33   5                }
  34   4              }
  35   3          }
  36   2        }
  37   1      }
  38          
  39          void INT1Int(void)interrupt 2
  40          {
  41   1        a=!a;
  42   1      }


MODULE INFORMATION:   STATIC OVERLAYABLE
   CODE SIZE        =    162    ----
   CONSTANT SIZE    =   ----    ----
   XDATA SIZE       =   ----    ----
   PDATA SIZE       =   ----    ----
   DATA SIZE        =      3       4
   IDATA SIZE       =   ----    ----
   BIT SIZE         =   ----    ----
END OF MODULE INFORMATION.


C51 COMPILATION COMPLETE.  0 WARNING(S),  0 ERROR(S)
