C51 COMPILER V9.54   LED                                                                   11/15/2021 14:21:00 PAGE 1   


C51 COMPILER V9.54, COMPILATION OF MODULE LED
OBJECT MODULE PLACED IN .\Objects\LED.obj
COMPILER INVOKED BY: C:\Keil_v5\C51\BIN\C51.EXE LED.c OMF2 OPTIMIZE(8,SPEED) BROWSE DEBUG PRINT(.\Listings\LED.lst) TABS
                    -(2) OBJECT(.\Objects\LED.obj)

line level    source

   1          #include<reg51.h> 
   2          #define  LED  P3 
   3          void delay (int x); 
   4          
   5          
   6          
   7          main()
   8          {
   9   1      while(1)
  10   1      {
  11   2        P3=0xfb;
  12   2        delay(10000);
  13   2        P3=0xfd;
  14   2        delay(10000);
  15   2        P3=0xfe;
  16   2        delay(10000);
  17   2            }
  18   1      }
  19          
  20          
  21          void delay(int x)
  22          {
  23   1        int i;
  24   1        for (i=0;i<x;i++);
  25   1      }


MODULE INFORMATION:   STATIC OVERLAYABLE
   CODE SIZE        =     48    ----
   CONSTANT SIZE    =   ----    ----
   XDATA SIZE       =   ----    ----
   PDATA SIZE       =   ----    ----
   DATA SIZE        =   ----    ----
   IDATA SIZE       =   ----    ----
   BIT SIZE         =   ----    ----
   EDATA SIZE       =   ----    ----
   HDATA SIZE       =   ----    ----
   XDATA CONST SIZE =   ----    ----
   FAR CONST SIZE   =   ----    ----
END OF MODULE INFORMATION.


C51 COMPILATION COMPLETE.  0 WARNING(S),  0 ERROR(S)
