C51 COMPILER V9.54   8051_TRAFFICLIGHT_6LED_V3                                             11/15/2021 15:12:18 PAGE 1   


C51 COMPILER V9.54, COMPILATION OF MODULE 8051_TRAFFICLIGHT_6LED_V3
OBJECT MODULE PLACED IN .\Objects\8051-TrafficLight(6Led)v3.obj
COMPILER INVOKED BY: C:\Keil_v5\C51\BIN\C51.EXE 8051-TrafficLight(6Led)v3.c OPTIMIZE(8,SPEED) BROWSE DEBUG OBJECTEXTEND 
                    -PRINT(.\Listings\8051-TrafficLight(6Led)v3.lst) TABS(2) OBJECT(.\Objects\8051-TrafficLight(6Led)v3.obj)

line level    source

   1          #include <reg51.h>
   2          #define LED P1
   3          unsigned char c=0;
   4          unsigned char iCount;
   5          //char light[]={0xFE,0xFD,0xFB};
   6          
   7          main()
   8          {
   9   1      IE=0x88;
  10   1      TMOD=0x10;
  11   1      TH1=(65536-46080)/256;
  12   1      TL1=(65536-46080)%256;
  13   1      TR1=1;
  14   1      while(1)
  15   1      {
  16   2      switch (c)  
  17   2      {
  18   3        case (0):
  19   3        P1=0xFE;
  20   3        break;
  21   3        
  22   3        case (1):
  23   3        P1=0xFD;
  24   3        break;
  25   3        
  26   3        case (2):
  27   3        P1=0xFB;
  28   3        break;
  29   3        
  30   3        default:
  31   3        P1=0XFf;
  32   3        break;
  33   3        
  34   3      }
  35   2      }
  36   1      }
  37          
  38          
  39          void Timer1Int(void) interrupt 3
  40          {
  41   1        TH1=(65536-46080)/256;
  42   1        TL1=(65536-46080)%256;
  43   1        if(++iCount>=20)
  44   1        {
  45   2          iCount=0;
  46   2          c++;
  47   2          if(c>=4)
  48   2          {
  49   3            c=0;
  50   3          }
  51   2        }
  52   1      }
  53          

C51 COMPILER V9.54   8051_TRAFFICLIGHT_6LED_V3                                             11/15/2021 15:12:18 PAGE 2   


MODULE INFORMATION:   STATIC OVERLAYABLE
   CODE SIZE        =     84    ----
   CONSTANT SIZE    =   ----    ----
   XDATA SIZE       =   ----    ----
   PDATA SIZE       =   ----    ----
   DATA SIZE        =      2    ----
   IDATA SIZE       =   ----    ----
   BIT SIZE         =   ----    ----
END OF MODULE INFORMATION.


C51 COMPILATION COMPLETE.  0 WARNING(S),  0 ERROR(S)
