C51 COMPILER V9.54   INTSIXLED                                                             11/15/2021 15:07:14 PAGE 1   


C51 COMPILER V9.54, COMPILATION OF MODULE INTSIXLED
OBJECT MODULE PLACED IN .\Objects\IntSixLed.obj
COMPILER INVOKED BY: C:\Keil_v5\C51\BIN\C51.EXE IntSixLed.c OPTIMIZE(8,SPEED) BROWSE DEBUG OBJECTEXTEND PRINT(.\Listings
                    -\IntSixLed.lst) TABS(2) OBJECT(.\Objects\IntSixLed.obj)

line level    source

   1          #include <reg51.h>
   2          unsigned LED_P1=0xEA;
   3          unsigned LED_P2=0xF5;
   4          char a; //for button
   5          main()
   6          {
   7   1        IT1=1;   //­t½tÄ²µo
   8   1        IE=0x84; // OPEN INT1
   9   1        a=1;
  10   1        while(1)
  11   1        {
  12   2          if(a%2==0)
  13   2          {
  14   3            P1=LED_P1;
  15   3            P2=~LED_P2;
  16   3          }
  17   2          if(a%2!=0)
  18   2          {
  19   3            P1=~LED_P1;
  20   3            P2=LED_P2;
  21   3          }
  22   2        }
  23   1      }
  24          
  25          
  26          void INT1Int(void) interrupt 2
  27          {
  28   1        a=!a;  //ÅÞ¿è¤Ï¦V
  29   1      }
  30            
  31            


MODULE INFORMATION:   STATIC OVERLAYABLE
   CODE SIZE        =     70    ----
   CONSTANT SIZE    =   ----    ----
   XDATA SIZE       =   ----    ----
   PDATA SIZE       =   ----    ----
   DATA SIZE        =      5    ----
   IDATA SIZE       =   ----    ----
   BIT SIZE         =   ----    ----
END OF MODULE INFORMATION.


C51 COMPILATION COMPLETE.  0 WARNING(S),  0 ERROR(S)
