C51 COMPILER V9.54   TFV4                                                                  11/15/2021 15:15:07 PAGE 1   


C51 COMPILER V9.54, COMPILATION OF MODULE TFV4
OBJECT MODULE PLACED IN .\Objects\TFv4.obj
COMPILER INVOKED BY: C:\Keil_v5\C51\BIN\C51.EXE TFv4.c OPTIMIZE(8,SPEED) BROWSE DEBUG OBJECTEXTEND PRINT(.\Listings\TFv4
                    -.lst) TABS(2) OBJECT(.\Objects\TFv4.obj)

line level    source

   1          #include <reg51.h>
   2          #define SEG P2
   3          #define LED P1
   4          /*sbit LEDG=P1^0;
   5          sbit LEDY=P1^1;
   6          sbit LEDR=P1^2;
   7          sbit LEDG1=P1^3;
   8          sbit LEDY1=P1^4;
   9          sbit LEDR1=P1^5;*/
  10          unsigned char count;
  11          char  secY[6]={0xc0,0xf9,0xa4,0xb0,0x99,0x92}; //0-5 redlight sec
  12          //char  secR[3]={0xb0,0x99,0x92}; //3-5 redlight sec
  13          int t=0; //計算紅綠燈秒數
  14          int i;
  15          
  16          main()
  17          {
  18   1        IE=0x88;//TIMER1開啟
  19   1        TMOD=0x10;  //設定TIMER1
  20   1        TH1=(65536-46080)/256; //設定TIMER1 約0.05s
  21   1        TL1=(65536-46080)%256;
  22   1        TR1=1;//開始計時
  23   1        while(1);
  24   1      }
  25          
  26          void Timer1Int(void) interrupt 3
  27          {
  28   1        TH1=(65536-46080)/256; //??TIMER1 ?0.05s
  29   1        TL1=(65536-46080)%256;
  30   1        if(++count>=20) //1s
  31   1        {
  32   2          count=0;
  33   2          t+=1;// t=t+1 
  34   2          if(t>11)
  35   2          {
  36   3            t=0;
  37   3          }
  38   2        }
  39   1        if(t>0 && t<=3)
  40   1          {
  41   2            /*LEDG=0;
  42   2            LEDY=1;
  43   2            LEDR=1;
  44   2            LEDG1=1;
  45   2            LEDY1=1;
  46   2            LEDR1=0;*/
  47   2            LED=0XDE;
  48   2            P2=secY[6-t];
  49   2          }
  50   1          else if(t>3 && t<=5)
  51   1          {
  52   2            /*LEDG=1;
  53   2            LEDY=0;
  54   2            LEDR=1;
C51 COMPILER V9.54   TFV4                                                                  11/15/2021 15:15:07 PAGE 2   

  55   2            LEDG1=1;
  56   2            LEDY1=1;
  57   2            LEDR1=0;*/
  58   2            LED=0XDD;
  59   2            P2=secY[6-t];
  60   2          }
  61   1          else if(t>5 && t<=8)
  62   1          {
  63   2            /*LEDG=1;
  64   2            LEDY=1;
  65   2            LEDR=0;
  66   2            LEDG1=0;
  67   2            LEDY1=1;
  68   2            LEDR1=1;*/
  69   2            LED=0XF3;
  70   2            P2=secY[6-t];
  71   2          }
  72   1          else if(t>8 && t<=10)
  73   1          {
  74   2            /*LEDG=1;
  75   2            LEDY=1;
  76   2            LEDR=0;
  77   2            LEDG1=1;
  78   2            LEDY1=0;
  79   2            LEDR1=1;*/
  80   2            LED=0XEB;
  81   2            P2=secY[6-t];
  82   2          }
  83   1      }


MODULE INFORMATION:   STATIC OVERLAYABLE
   CODE SIZE        =    208    ----
   CONSTANT SIZE    =   ----    ----
   XDATA SIZE       =   ----    ----
   PDATA SIZE       =   ----    ----
   DATA SIZE        =     11    ----
   IDATA SIZE       =   ----    ----
   BIT SIZE         =   ----    ----
END OF MODULE INFORMATION.


C51 COMPILATION COMPLETE.  0 WARNING(S),  0 ERROR(S)
